2024/03/20 13:45:00 [notice] 1#1: using the "epoll" event method
2024/03/20 13:45:00 [notice] 1#1: nginx/1.25.2
2024/03/20 13:45:00 [notice] 1#1: built by gcc 12.2.0 (Debian 12.2.0-14) 
2024/03/20 13:45:00 [notice] 1#1: OS: Linux 5.15.49-linuxkit-pr
2024/03/20 13:45:00 [notice] 1#1: getrlimit(RLIMIT_NOFILE): 1048576:1048576
2024/03/20 13:45:00 [notice] 1#1: start worker processes
2024/03/20 13:45:00 [notice] 1#1: start worker process 28
2024/03/20 13:45:00 [notice] 1#1: start worker process 29
2024/03/20 13:45:00 [notice] 1#1: start worker process 30
2024/03/20 13:45:00 [notice] 1#1: start worker process 31
2024/03/20 13:45:46 [notice] 1#1: signal 3 (SIGQUIT) received, shutting down
2024/03/20 13:45:46 [notice] 28#28: gracefully shutting down
2024/03/20 13:45:46 [notice] 29#29: gracefully shutting down
2024/03/20 13:45:46 [notice] 30#30: gracefully shutting down
2024/03/20 13:45:46 [notice] 31#31: gracefully shutting down
2024/03/20 13:45:46 [notice] 28#28: exiting
2024/03/20 13:45:46 [notice] 29#29: exiting
2024/03/20 13:45:46 [notice] 30#30: exiting
2024/03/20 13:45:46 [notice] 30#30: exit
2024/03/20 13:45:46 [notice] 31#31: exiting
2024/03/20 13:45:46 [notice] 28#28: exit
2024/03/20 13:45:46 [notice] 29#29: exit
2024/03/20 13:45:46 [notice] 31#31: exit
2024/03/20 13:45:46 [notice] 1#1: signal 17 (SIGCHLD) received from 28
2024/03/20 13:45:46 [notice] 1#1: worker process 28 exited with code 0
2024/03/20 13:45:46 [notice] 1#1: worker process 29 exited with code 0
2024/03/20 13:45:46 [notice] 1#1: worker process 30 exited with code 0
2024/03/20 13:45:46 [notice] 1#1: signal 29 (SIGIO) received
2024/03/20 13:45:46 [notice] 1#1: signal 17 (SIGCHLD) received from 31
2024/03/20 13:45:46 [notice] 1#1: worker process 31 exited with code 0
2024/03/20 13:45:46 [notice] 1#1: exit
2024/03/20 13:45:52 [notice] 1#1: using the "epoll" event method
2024/03/20 13:45:52 [notice] 1#1: nginx/1.25.2
2024/03/20 13:45:52 [notice] 1#1: built by gcc 12.2.0 (Debian 12.2.0-14) 
2024/03/20 13:45:52 [notice] 1#1: OS: Linux 5.15.49-linuxkit-pr
2024/03/20 13:45:52 [notice] 1#1: getrlimit(RLIMIT_NOFILE): 1048576:1048576
2024/03/20 13:45:52 [notice] 1#1: start worker processes
2024/03/20 13:45:52 [notice] 1#1: start worker process 29
2024/03/20 13:45:52 [notice] 1#1: start worker process 30
2024/03/20 13:45:52 [notice] 1#1: start worker process 31
2024/03/20 13:45:52 [notice] 1#1: start worker process 32
2024/03/20 13:47:05 [error] 29#29: *1 open() "/usr/share/nginx/html/favicon.ico" failed (2: No such file or directory), client: 172.31.0.1, server: localhost, request: "GET /favicon.ico HTTP/1.1", host: "localhost:3300", referrer: "http://localhost:3300/"
2024/03/20 13:47:11 [error] 32#32: *3 open() "/usr/share/nginx/html/tets" failed (2: No such file or directory), client: 172.31.0.1, server: localhost, request: "GET /tets HTTP/1.1", host: "localhost:3300"
2024/03/20 13:49:13 [error] 29#29: *6 open() "/usr/share/nginx/html/tets" failed (2: No such file or directory), client: 172.31.0.1, server: localhost, request: "GET /tets HTTP/1.1", host: "localhost:3300"
2024/03/20 13:49:13 [error] 29#29: *6 open() "/usr/share/nginx/html/tets" failed (2: No such file or directory), client: 172.31.0.1, server: localhost, request: "GET /tets HTTP/1.1", host: "localhost:3300"
2024/03/20 13:49:13 [error] 29#29: *6 open() "/usr/share/nginx/html/tets" failed (2: No such file or directory), client: 172.31.0.1, server: localhost, request: "GET /tets HTTP/1.1", host: "localhost:3300"
2024/03/20 13:50:29 [notice] 1#1: signal 3 (SIGQUIT) received, shutting down
2024/03/20 13:50:29 [notice] 31#31: gracefully shutting down
2024/03/20 13:50:29 [notice] 29#29: gracefully shutting down
2024/03/20 13:50:29 [notice] 32#32: gracefully shutting down
2024/03/20 13:50:29 [notice] 30#30: gracefully shutting down
2024/03/20 13:50:29 [notice] 30#30: exiting
2024/03/20 13:50:29 [notice] 31#31: exiting
2024/03/20 13:50:29 [notice] 31#31: exit
2024/03/20 13:50:29 [notice] 29#29: exiting
2024/03/20 13:50:29 [notice] 32#32: exiting
2024/03/20 13:50:29 [notice] 30#30: exit
2024/03/20 13:50:29 [notice] 29#29: exit
2024/03/20 13:50:29 [notice] 32#32: exit
2024/03/20 13:50:29 [notice] 1#1: signal 17 (SIGCHLD) received from 31
2024/03/20 13:50:29 [notice] 1#1: worker process 31 exited with code 0
2024/03/20 13:50:29 [notice] 1#1: signal 29 (SIGIO) received
2024/03/20 13:50:29 [notice] 1#1: signal 17 (SIGCHLD) received from 29
2024/03/20 13:50:29 [notice] 1#1: worker process 29 exited with code 0
2024/03/20 13:50:29 [notice] 1#1: signal 29 (SIGIO) received
2024/03/20 13:50:29 [notice] 1#1: signal 17 (SIGCHLD) received from 30
2024/03/20 13:50:29 [notice] 1#1: worker process 30 exited with code 0
2024/03/20 13:50:29 [notice] 1#1: signal 29 (SIGIO) received
2024/03/20 13:50:29 [notice] 1#1: signal 17 (SIGCHLD) received from 32
2024/03/20 13:50:29 [notice] 1#1: worker process 32 exited with code 0
2024/03/20 13:50:29 [notice] 1#1: exit
2024/03/20 13:50:38 [notice] 1#1: using the "epoll" event method
2024/03/20 13:50:38 [notice] 1#1: nginx/1.25.2
2024/03/20 13:50:38 [notice] 1#1: built by gcc 12.2.0 (Debian 12.2.0-14) 
2024/03/20 13:50:38 [notice] 1#1: OS: Linux 5.15.49-linuxkit-pr
2024/03/20 13:50:38 [notice] 1#1: getrlimit(RLIMIT_NOFILE): 1048576:1048576
2024/03/20 13:50:38 [notice] 1#1: start worker processes
2024/03/20 13:50:38 [notice] 1#1: start worker process 29
2024/03/20 13:50:38 [notice] 1#1: start worker process 30
2024/03/20 13:50:38 [notice] 1#1: start worker process 31
2024/03/20 13:50:38 [notice] 1#1: start worker process 32
2024/03/20 13:52:41 [notice] 1#1: signal 3 (SIGQUIT) received, shutting down
2024/03/20 13:52:41 [notice] 29#29: gracefully shutting down
2024/03/20 13:52:41 [notice] 29#29: exiting
2024/03/20 13:52:41 [notice] 30#30: gracefully shutting down
2024/03/20 13:52:41 [notice] 31#31: gracefully shutting down
2024/03/20 13:52:41 [notice] 32#32: gracefully shutting down
2024/03/20 13:52:41 [notice] 29#29: exit
2024/03/20 13:52:41 [notice] 30#30: exiting
2024/03/20 13:52:41 [notice] 31#31: exiting
2024/03/20 13:52:41 [notice] 31#31: exit
2024/03/20 13:52:41 [notice] 32#32: exiting
2024/03/20 13:52:41 [notice] 30#30: exit
2024/03/20 13:52:41 [notice] 32#32: exit
2024/03/20 13:52:41 [notice] 1#1: signal 17 (SIGCHLD) received from 29
2024/03/20 13:52:41 [notice] 1#1: worker process 29 exited with code 0
2024/03/20 13:52:41 [notice] 1#1: signal 29 (SIGIO) received
2024/03/20 13:52:41 [notice] 1#1: signal 17 (SIGCHLD) received from 31
2024/03/20 13:52:41 [notice] 1#1: worker process 31 exited with code 0
2024/03/20 13:52:41 [notice] 1#1: signal 29 (SIGIO) received
2024/03/20 13:52:41 [notice] 1#1: signal 17 (SIGCHLD) received from 30
2024/03/20 13:52:41 [notice] 1#1: worker process 30 exited with code 0
2024/03/20 13:52:41 [notice] 1#1: worker process 32 exited with code 0
2024/03/20 13:52:41 [notice] 1#1: exit
2024/03/20 13:52:56 [notice] 1#1: using the "epoll" event method
2024/03/20 13:52:56 [notice] 1#1: nginx/1.25.2
2024/03/20 13:52:56 [notice] 1#1: built by gcc 12.2.0 (Debian 12.2.0-14) 
2024/03/20 13:52:56 [notice] 1#1: OS: Linux 5.15.49-linuxkit-pr
2024/03/20 13:52:56 [notice] 1#1: getrlimit(RLIMIT_NOFILE): 1048576:1048576
2024/03/20 13:52:56 [notice] 1#1: start worker processes
2024/03/20 13:52:56 [notice] 1#1: start worker process 29
2024/03/20 13:52:56 [notice] 1#1: start worker process 30
2024/03/20 13:52:56 [notice] 1#1: start worker process 31
2024/03/20 13:52:56 [notice] 1#1: start worker process 32
2024/03/20 13:53:02 [notice] 1#1: signal 3 (SIGQUIT) received, shutting down
2024/03/20 13:53:02 [notice] 29#29: gracefully shutting down
2024/03/20 13:53:02 [notice] 29#29: exiting
2024/03/20 13:53:02 [notice] 32#32: gracefully shutting down
2024/03/20 13:53:02 [notice] 32#32: exiting
2024/03/20 13:53:02 [notice] 31#31: gracefully shutting down
2024/03/20 13:53:02 [notice] 30#30: gracefully shutting down
2024/03/20 13:53:02 [notice] 30#30: exiting
2024/03/20 13:53:02 [notice] 29#29: exit
2024/03/20 13:53:02 [notice] 32#32: exit
2024/03/20 13:53:02 [notice] 31#31: exiting
2024/03/20 13:53:02 [notice] 30#30: exit
2024/03/20 13:53:02 [notice] 31#31: exit
2024/03/20 13:53:02 [notice] 1#1: signal 17 (SIGCHLD) received from 29
2024/03/20 13:53:02 [notice] 1#1: worker process 29 exited with code 0
2024/03/20 13:53:02 [notice] 1#1: signal 29 (SIGIO) received
2024/03/20 13:53:02 [notice] 1#1: signal 17 (SIGCHLD) received from 30
2024/03/20 13:53:02 [notice] 1#1: worker process 30 exited with code 0
2024/03/20 13:53:02 [notice] 1#1: signal 17 (SIGCHLD) received from 32
2024/03/20 13:53:02 [notice] 1#1: worker process 32 exited with code 0
2024/03/20 13:53:02 [notice] 1#1: signal 29 (SIGIO) received
2024/03/20 13:53:02 [notice] 1#1: signal 29 (SIGIO) received
2024/03/20 13:53:02 [notice] 1#1: signal 17 (SIGCHLD) received from 31
2024/03/20 13:53:02 [notice] 1#1: worker process 31 exited with code 0
2024/03/20 13:53:02 [notice] 1#1: exit
2024/03/20 13:53:06 [notice] 1#1: using the "epoll" event method
2024/03/20 13:53:06 [notice] 1#1: nginx/1.25.2
2024/03/20 13:53:06 [notice] 1#1: built by gcc 12.2.0 (Debian 12.2.0-14) 
2024/03/20 13:53:06 [notice] 1#1: OS: Linux 5.15.49-linuxkit-pr
2024/03/20 13:53:06 [notice] 1#1: getrlimit(RLIMIT_NOFILE): 1048576:1048576
2024/03/20 13:53:06 [notice] 1#1: start worker processes
2024/03/20 13:53:06 [notice] 1#1: start worker process 29
2024/03/20 13:53:06 [notice] 1#1: start worker process 30
2024/03/20 13:53:06 [notice] 1#1: start worker process 31
2024/03/20 13:53:06 [notice] 1#1: start worker process 32
2024/03/20 13:54:03 [error] 29#29: *5 open() "/usr/share/nginx/html/dasd]" failed (2: No such file or directory), client: 192.168.80.1, server: localhost, request: "GET /dasd] HTTP/1.1", host: "localhost:3300"
2024/03/20 14:05:22 [notice] 1#1: signal 3 (SIGQUIT) received, shutting down
2024/03/20 14:05:22 [notice] 29#29: gracefully shutting down
2024/03/20 14:05:22 [notice] 29#29: exiting
2024/03/20 14:05:22 [notice] 32#32: gracefully shutting down
2024/03/20 14:05:22 [notice] 30#30: gracefully shutting down
2024/03/20 14:05:22 [notice] 30#30: exiting
2024/03/20 14:05:22 [notice] 31#31: gracefully shutting down
2024/03/20 14:05:22 [notice] 29#29: exit
2024/03/20 14:05:22 [notice] 32#32: exiting
2024/03/20 14:05:22 [notice] 30#30: exit
2024/03/20 14:05:22 [notice] 31#31: exiting
2024/03/20 14:05:22 [notice] 31#31: exit
2024/03/20 14:05:22 [notice] 32#32: exit
2024/03/20 14:05:22 [notice] 1#1: signal 17 (SIGCHLD) received from 29
2024/03/20 14:05:22 [notice] 1#1: worker process 29 exited with code 0
2024/03/20 14:05:22 [notice] 1#1: signal 29 (SIGIO) received
2024/03/20 14:05:22 [notice] 1#1: signal 17 (SIGCHLD) received from 30
2024/03/20 14:05:22 [notice] 1#1: worker process 30 exited with code 0
2024/03/20 14:05:22 [notice] 1#1: signal 29 (SIGIO) received
2024/03/20 14:05:22 [notice] 1#1: signal 17 (SIGCHLD) received from 31
2024/03/20 14:05:22 [notice] 1#1: worker process 31 exited with code 0
2024/03/20 14:05:22 [notice] 1#1: signal 29 (SIGIO) received
2024/03/20 14:05:22 [notice] 1#1: signal 17 (SIGCHLD) received from 32
2024/03/20 14:05:22 [notice] 1#1: worker process 32 exited with code 0
2024/03/20 14:05:22 [notice] 1#1: exit
2024/03/20 14:05:49 [notice] 1#1: using the "epoll" event method
2024/03/20 14:05:49 [notice] 1#1: nginx/1.25.2
2024/03/20 14:05:49 [notice] 1#1: built by gcc 12.2.0 (Debian 12.2.0-14) 
2024/03/20 14:05:49 [notice] 1#1: OS: Linux 5.15.49-linuxkit-pr
2024/03/20 14:05:49 [notice] 1#1: getrlimit(RLIMIT_NOFILE): 1048576:1048576
2024/03/20 14:05:49 [notice] 1#1: start worker processes
2024/03/20 14:05:49 [notice] 1#1: start worker process 29
2024/03/20 14:05:49 [notice] 1#1: start worker process 30
2024/03/20 14:05:49 [notice] 1#1: start worker process 31
2024/03/20 14:05:49 [notice] 1#1: start worker process 32
2024/03/20 14:07:06 [error] 29#29: *1 open() "/usr/share/nginx/html/dasd]" failed (2: No such file or directory), client: 192.168.96.1, server: localhost, request: "GET /dasd] HTTP/1.1", host: "localhost:3300"
2024/03/20 14:07:06 [error] 29#29: *1 open() "/usr/share/nginx/html/dasd]" failed (2: No such file or directory), client: 192.168.96.1, server: localhost, request: "GET /dasd] HTTP/1.1", host: "localhost:3300"
2024/03/20 14:07:07 [error] 29#29: *1 open() "/usr/share/nginx/html/dasd]" failed (2: No such file or directory), client: 192.168.96.1, server: localhost, request: "GET /dasd] HTTP/1.1", host: "localhost:3300"
2024/03/20 14:07:07 [error] 29#29: *1 open() "/usr/share/nginx/html/dasd]" failed (2: No such file or directory), client: 192.168.96.1, server: localhost, request: "GET /dasd] HTTP/1.1", host: "localhost:3300"
2024/03/20 14:07:07 [error] 29#29: *1 open() "/usr/share/nginx/html/dasd]" failed (2: No such file or directory), client: 192.168.96.1, server: localhost, request: "GET /dasd] HTTP/1.1", host: "localhost:3300"
2024/03/20 14:07:11 [error] 31#31: *3 open() "/usr/share/nginx/html/dasd]" failed (2: No such file or directory), client: 192.168.96.1, server: localhost, request: "GET /dasd] HTTP/1.1", host: "localhost:3300"
2024/03/20 14:07:11 [error] 31#31: *3 open() "/usr/share/nginx/html/dasd]" failed (2: No such file or directory), client: 192.168.96.1, server: localhost, request: "GET /dasd] HTTP/1.1", host: "localhost:3300"
2024/03/20 14:07:11 [error] 31#31: *3 open() "/usr/share/nginx/html/dasd]" failed (2: No such file or directory), client: 192.168.96.1, server: localhost, request: "GET /dasd] HTTP/1.1", host: "localhost:3300"
2024/03/20 14:07:12 [error] 31#31: *3 open() "/usr/share/nginx/html/dasd]" failed (2: No such file or directory), client: 192.168.96.1, server: localhost, request: "GET /dasd] HTTP/1.1", host: "localhost:3300"
2024/03/20 14:07:12 [error] 31#31: *3 open() "/usr/share/nginx/html/dasd]" failed (2: No such file or directory), client: 192.168.96.1, server: localhost, request: "GET /dasd] HTTP/1.1", host: "localhost:3300"
2024/03/20 14:07:12 [error] 31#31: *3 open() "/usr/share/nginx/html/dasd]" failed (2: No such file or directory), client: 192.168.96.1, server: localhost, request: "GET /dasd] HTTP/1.1", host: "localhost:3300"
2024/03/20 14:07:12 [error] 31#31: *3 open() "/usr/share/nginx/html/dasd]" failed (2: No such file or directory), client: 192.168.96.1, server: localhost, request: "GET /dasd] HTTP/1.1", host: "localhost:3300"
2024/03/20 14:07:12 [error] 31#31: *3 open() "/usr/share/nginx/html/dasd]" failed (2: No such file or directory), client: 192.168.96.1, server: localhost, request: "GET /dasd] HTTP/1.1", host: "localhost:3300"
2024/03/20 14:07:12 [error] 31#31: *3 open() "/usr/share/nginx/html/dasd]" failed (2: No such file or directory), client: 192.168.96.1, server: localhost, request: "GET /dasd] HTTP/1.1", host: "localhost:3300"
2024/03/20 14:11:09 [error] 30#30: *7 open() "/usr/share/nginx/html/dasd]" failed (2: No such file or directory), client: 192.168.96.1, server: localhost, request: "GET /dasd] HTTP/1.1", host: "localhost:3300"
2024/03/20 14:23:14 [notice] 1#1: signal 3 (SIGQUIT) received, shutting down
2024/03/20 14:23:14 [notice] 30#30: gracefully shutting down
2024/03/20 14:23:14 [notice] 30#30: exiting
2024/03/20 14:23:14 [notice] 31#31: gracefully shutting down
2024/03/20 14:23:14 [notice] 31#31: exiting
2024/03/20 14:23:14 [notice] 29#29: gracefully shutting down
2024/03/20 14:23:14 [notice] 32#32: gracefully shutting down
2024/03/20 14:23:14 [notice] 30#30: exit
2024/03/20 14:23:14 [notice] 31#31: exit
2024/03/20 14:23:14 [notice] 29#29: exiting
2024/03/20 14:23:14 [notice] 32#32: exiting
2024/03/20 14:23:14 [notice] 29#29: exit
2024/03/20 14:23:14 [notice] 32#32: exit
2024/03/20 14:23:14 [notice] 1#1: signal 17 (SIGCHLD) received from 32
2024/03/20 14:23:14 [notice] 1#1: worker process 32 exited with code 0
2024/03/20 14:23:14 [notice] 1#1: signal 29 (SIGIO) received
2024/03/20 14:23:14 [notice] 1#1: signal 17 (SIGCHLD) received from 31
2024/03/20 14:23:14 [notice] 1#1: worker process 31 exited with code 0
2024/03/20 14:23:14 [notice] 1#1: signal 29 (SIGIO) received
2024/03/20 14:23:14 [notice] 1#1: signal 17 (SIGCHLD) received from 29
2024/03/20 14:23:14 [notice] 1#1: worker process 29 exited with code 0
2024/03/20 14:23:14 [notice] 1#1: worker process 30 exited with code 0
2024/03/20 14:23:14 [notice] 1#1: exit
2024/03/20 14:23:24 [notice] 1#1: using the "epoll" event method
2024/03/20 14:23:24 [notice] 1#1: nginx/1.25.2
2024/03/20 14:23:24 [notice] 1#1: built by gcc 12.2.0 (Debian 12.2.0-14) 
2024/03/20 14:23:24 [notice] 1#1: OS: Linux 5.15.49-linuxkit-pr
2024/03/20 14:23:24 [notice] 1#1: getrlimit(RLIMIT_NOFILE): 1048576:1048576
2024/03/20 14:23:24 [notice] 1#1: start worker processes
2024/03/20 14:23:24 [notice] 1#1: start worker process 29
2024/03/20 14:23:24 [notice] 1#1: start worker process 30
2024/03/20 14:23:24 [notice] 1#1: start worker process 31
2024/03/20 14:23:24 [notice] 1#1: start worker process 32
2024/03/20 14:23:44 [notice] 1#1: signal 3 (SIGQUIT) received, shutting down
2024/03/20 14:23:44 [notice] 30#30: gracefully shutting down
2024/03/20 14:23:44 [notice] 30#30: exiting
2024/03/20 14:23:44 [notice] 29#29: gracefully shutting down
2024/03/20 14:23:44 [notice] 29#29: exiting
2024/03/20 14:23:44 [notice] 31#31: gracefully shutting down
2024/03/20 14:23:44 [notice] 32#32: gracefully shutting down
2024/03/20 14:23:44 [notice] 30#30: exit
2024/03/20 14:23:44 [notice] 29#29: exit
2024/03/20 14:23:44 [notice] 31#31: exiting
2024/03/20 14:23:44 [notice] 32#32: exiting
2024/03/20 14:23:44 [notice] 32#32: exit
2024/03/20 14:23:44 [notice] 31#31: exit
2024/03/20 14:23:45 [notice] 1#1: signal 17 (SIGCHLD) received from 30
2024/03/20 14:23:45 [notice] 1#1: worker process 29 exited with code 0
2024/03/20 14:23:45 [notice] 1#1: worker process 30 exited with code 0
2024/03/20 14:23:45 [notice] 1#1: signal 29 (SIGIO) received
2024/03/20 14:23:45 [notice] 1#1: signal 17 (SIGCHLD) received from 32
2024/03/20 14:23:45 [notice] 1#1: worker process 32 exited with code 0
2024/03/20 14:23:45 [notice] 1#1: worker process 31 exited with code 0
2024/03/20 14:23:45 [notice] 1#1: exit
2024/03/20 14:24:31 [notice] 1#1: using the "epoll" event method
2024/03/20 14:24:31 [notice] 1#1: nginx/1.25.2
2024/03/20 14:24:31 [notice] 1#1: built by gcc 12.2.0 (Debian 12.2.0-14) 
2024/03/20 14:24:31 [notice] 1#1: OS: Linux 5.15.49-linuxkit-pr
2024/03/20 14:24:31 [notice] 1#1: getrlimit(RLIMIT_NOFILE): 1048576:1048576
2024/03/20 14:24:31 [notice] 1#1: start worker processes
2024/03/20 14:24:31 [notice] 1#1: start worker process 28
2024/03/20 14:24:31 [notice] 1#1: start worker process 29
2024/03/20 14:24:31 [notice] 1#1: start worker process 30
2024/03/20 14:24:31 [notice] 1#1: start worker process 31
2024/03/20 14:24:35 [notice] 1#1: signal 3 (SIGQUIT) received, shutting down
2024/03/20 14:24:35 [notice] 28#28: gracefully shutting down
2024/03/20 14:24:35 [notice] 28#28: exiting
2024/03/20 14:24:35 [notice] 31#31: gracefully shutting down
2024/03/20 14:24:35 [notice] 29#29: gracefully shutting down
2024/03/20 14:24:35 [notice] 30#30: gracefully shutting down
2024/03/20 14:24:35 [notice] 28#28: exit
2024/03/20 14:24:35 [notice] 31#31: exiting
2024/03/20 14:24:35 [notice] 30#30: exiting
2024/03/20 14:24:35 [notice] 29#29: exiting
2024/03/20 14:24:35 [notice] 31#31: exit
2024/03/20 14:24:35 [notice] 30#30: exit
2024/03/20 14:24:35 [notice] 29#29: exit
2024/03/20 14:24:35 [notice] 1#1: signal 17 (SIGCHLD) received from 31
2024/03/20 14:24:35 [notice] 1#1: worker process 29 exited with code 0
2024/03/20 14:24:35 [notice] 1#1: worker process 31 exited with code 0
2024/03/20 14:24:35 [notice] 1#1: signal 29 (SIGIO) received
2024/03/20 14:24:35 [notice] 1#1: signal 17 (SIGCHLD) received from 28
2024/03/20 14:24:35 [notice] 1#1: worker process 28 exited with code 0
2024/03/20 14:24:35 [notice] 1#1: signal 29 (SIGIO) received
2024/03/20 14:24:35 [notice] 1#1: signal 17 (SIGCHLD) received from 30
2024/03/20 14:24:35 [notice] 1#1: worker process 30 exited with code 0
2024/03/20 14:24:35 [notice] 1#1: exit
2024/03/20 14:32:55 [notice] 1#1: using the "epoll" event method
2024/03/20 14:32:55 [notice] 1#1: nginx/1.25.2
2024/03/20 14:32:55 [notice] 1#1: built by gcc 12.2.0 (Debian 12.2.0-14) 
2024/03/20 14:32:55 [notice] 1#1: OS: Linux 5.15.49-linuxkit-pr
2024/03/20 14:32:55 [notice] 1#1: getrlimit(RLIMIT_NOFILE): 1048576:1048576
2024/03/20 14:32:55 [notice] 1#1: start worker processes
2024/03/20 14:32:55 [notice] 1#1: start worker process 22
2024/03/20 14:32:55 [notice] 1#1: start worker process 23
2024/03/20 14:32:55 [notice] 1#1: start worker process 24
2024/03/20 14:32:55 [notice] 1#1: start worker process 25
2024/03/20 14:36:55 [notice] 1#1: signal 3 (SIGQUIT) received, shutting down
2024/03/20 14:36:55 [notice] 24#24: gracefully shutting down
2024/03/20 14:36:55 [notice] 23#23: gracefully shutting down
2024/03/20 14:36:55 [notice] 23#23: exiting
2024/03/20 14:36:55 [notice] 22#22: gracefully shutting down
2024/03/20 14:36:55 [notice] 25#25: gracefully shutting down
2024/03/20 14:36:55 [notice] 24#24: exiting
2024/03/20 14:36:55 [notice] 23#23: exit
2024/03/20 14:36:55 [notice] 22#22: exiting
2024/03/20 14:36:55 [notice] 25#25: exiting
2024/03/20 14:36:55 [notice] 25#25: exit
2024/03/20 14:36:55 [notice] 24#24: exit
2024/03/20 14:36:55 [notice] 22#22: exit
2024/03/20 14:36:55 [notice] 1#1: signal 17 (SIGCHLD) received from 23
2024/03/20 14:36:55 [notice] 1#1: worker process 23 exited with code 0
2024/03/20 14:36:55 [notice] 1#1: worker process 24 exited with code 0
2024/03/20 14:36:55 [notice] 1#1: signal 29 (SIGIO) received
2024/03/20 14:36:55 [notice] 1#1: signal 17 (SIGCHLD) received from 24
2024/03/20 14:36:55 [notice] 1#1: signal 17 (SIGCHLD) received from 22
2024/03/20 14:36:55 [notice] 1#1: worker process 22 exited with code 0
2024/03/20 14:36:55 [notice] 1#1: worker process 25 exited with code 0
2024/03/20 14:36:55 [notice] 1#1: exit
2024/03/20 14:37:00 [notice] 1#1: using the "epoll" event method
2024/03/20 14:37:00 [notice] 1#1: nginx/1.25.2
2024/03/20 14:37:00 [notice] 1#1: built by gcc 12.2.0 (Debian 12.2.0-14) 
2024/03/20 14:37:00 [notice] 1#1: OS: Linux 5.15.49-linuxkit-pr
2024/03/20 14:37:00 [notice] 1#1: getrlimit(RLIMIT_NOFILE): 1048576:1048576
2024/03/20 14:37:00 [notice] 1#1: start worker processes
2024/03/20 14:37:00 [notice] 1#1: start worker process 29
2024/03/20 14:37:00 [notice] 1#1: start worker process 30
2024/03/20 14:37:00 [notice] 1#1: start worker process 31
2024/03/20 14:37:00 [notice] 1#1: start worker process 32
2024/03/20 14:43:46 [notice] 1#1: signal 3 (SIGQUIT) received, shutting down
2024/03/20 14:43:46 [notice] 31#31: gracefully shutting down
2024/03/20 14:43:46 [notice] 31#31: exiting
2024/03/20 14:43:46 [notice] 32#32: gracefully shutting down
2024/03/20 14:43:46 [notice] 32#32: exiting
2024/03/20 14:43:46 [notice] 29#29: gracefully shutting down
2024/03/20 14:43:46 [notice] 30#30: gracefully shutting down
2024/03/20 14:43:46 [notice] 31#31: exit
2024/03/20 14:43:46 [notice] 32#32: exit
2024/03/20 14:43:46 [notice] 29#29: exiting
2024/03/20 14:43:46 [notice] 29#29: exit
2024/03/20 14:43:46 [notice] 30#30: exiting
2024/03/20 14:43:46 [notice] 30#30: exit
2024/03/20 14:43:46 [notice] 1#1: signal 17 (SIGCHLD) received from 31
2024/03/20 14:43:46 [notice] 1#1: worker process 31 exited with code 0
2024/03/20 14:43:46 [notice] 1#1: signal 29 (SIGIO) received
2024/03/20 14:43:46 [notice] 1#1: signal 17 (SIGCHLD) received from 32
2024/03/20 14:43:46 [notice] 1#1: worker process 32 exited with code 0
2024/03/20 14:43:46 [notice] 1#1: signal 29 (SIGIO) received
2024/03/20 14:43:46 [notice] 1#1: signal 17 (SIGCHLD) received from 29
2024/03/20 14:43:46 [notice] 1#1: worker process 29 exited with code 0
2024/03/20 14:43:46 [notice] 1#1: worker process 30 exited with code 0
2024/03/20 14:43:46 [notice] 1#1: exit
2024/03/20 14:43:52 [notice] 1#1: using the "epoll" event method
2024/03/20 14:43:52 [notice] 1#1: nginx/1.25.2
2024/03/20 14:43:52 [notice] 1#1: built by gcc 12.2.0 (Debian 12.2.0-14) 
2024/03/20 14:43:52 [notice] 1#1: OS: Linux 5.15.49-linuxkit-pr
2024/03/20 14:43:52 [notice] 1#1: getrlimit(RLIMIT_NOFILE): 1048576:1048576
2024/03/20 14:43:52 [notice] 1#1: start worker processes
2024/03/20 14:43:52 [notice] 1#1: start worker process 29
2024/03/20 14:43:52 [notice] 1#1: start worker process 30
2024/03/20 14:43:52 [notice] 1#1: start worker process 31
2024/03/20 14:43:52 [notice] 1#1: start worker process 32
2024/03/20 14:59:19 [notice] 1#1: signal 3 (SIGQUIT) received, shutting down
2024/03/20 14:59:19 [notice] 29#29: gracefully shutting down
2024/03/20 14:59:19 [notice] 30#30: gracefully shutting down
2024/03/20 14:59:19 [notice] 29#29: exiting
2024/03/20 14:59:19 [notice] 32#32: gracefully shutting down
2024/03/20 14:59:19 [notice] 32#32: exiting
2024/03/20 14:59:19 [notice] 31#31: gracefully shutting down
2024/03/20 14:59:19 [notice] 30#30: exiting
2024/03/20 14:59:19 [notice] 30#30: exit
2024/03/20 14:59:19 [notice] 29#29: exit
2024/03/20 14:59:19 [notice] 32#32: exit
2024/03/20 14:59:19 [notice] 31#31: exiting
2024/03/20 14:59:19 [notice] 31#31: exit
2024/03/20 14:59:19 [notice] 1#1: signal 17 (SIGCHLD) received from 29
2024/03/20 14:59:19 [notice] 1#1: worker process 29 exited with code 0
2024/03/20 14:59:19 [notice] 1#1: worker process 30 exited with code 0
2024/03/20 14:59:19 [notice] 1#1: signal 29 (SIGIO) received
2024/03/20 14:59:19 [notice] 1#1: signal 17 (SIGCHLD) received from 32
2024/03/20 14:59:19 [notice] 1#1: worker process 32 exited with code 0
2024/03/20 14:59:19 [notice] 1#1: signal 29 (SIGIO) received
2024/03/20 14:59:19 [notice] 1#1: signal 17 (SIGCHLD) received from 31
2024/03/20 14:59:19 [notice] 1#1: worker process 31 exited with code 0
2024/03/20 14:59:19 [notice] 1#1: exit
2024/03/20 14:59:24 [notice] 1#1: using the "epoll" event method
2024/03/20 14:59:24 [notice] 1#1: nginx/1.25.2
2024/03/20 14:59:24 [notice] 1#1: built by gcc 12.2.0 (Debian 12.2.0-14) 
2024/03/20 14:59:24 [notice] 1#1: OS: Linux 5.15.49-linuxkit-pr
2024/03/20 14:59:24 [notice] 1#1: getrlimit(RLIMIT_NOFILE): 1048576:1048576
2024/03/20 14:59:24 [notice] 1#1: start worker processes
2024/03/20 14:59:24 [notice] 1#1: start worker process 28
2024/03/20 14:59:24 [notice] 1#1: start worker process 29
2024/03/20 14:59:24 [notice] 1#1: start worker process 30
2024/03/20 14:59:24 [notice] 1#1: start worker process 31
2024/03/20 14:59:57 [notice] 1#1: signal 3 (SIGQUIT) received, shutting down
2024/03/20 14:59:57 [notice] 28#28: gracefully shutting down
2024/03/20 14:59:57 [notice] 28#28: exiting
2024/03/20 14:59:57 [notice] 30#30: gracefully shutting down
2024/03/20 14:59:57 [notice] 31#31: gracefully shutting down
2024/03/20 14:59:57 [notice] 31#31: exiting
2024/03/20 14:59:57 [notice] 29#29: gracefully shutting down
2024/03/20 14:59:57 [notice] 28#28: exit
2024/03/20 14:59:57 [notice] 30#30: exiting
2024/03/20 14:59:57 [notice] 31#31: exit
2024/03/20 14:59:57 [notice] 29#29: exiting
2024/03/20 14:59:57 [notice] 30#30: exit
2024/03/20 14:59:57 [notice] 29#29: exit
2024/03/20 14:59:57 [notice] 1#1: signal 17 (SIGCHLD) received from 31
2024/03/20 14:59:57 [notice] 1#1: worker process 31 exited with code 0
2024/03/20 14:59:57 [notice] 1#1: signal 29 (SIGIO) received
2024/03/20 14:59:57 [notice] 1#1: signal 17 (SIGCHLD) received from 28
2024/03/20 14:59:57 [notice] 1#1: worker process 28 exited with code 0
2024/03/20 14:59:57 [notice] 1#1: worker process 30 exited with code 0
2024/03/20 14:59:57 [notice] 1#1: signal 29 (SIGIO) received
2024/03/20 14:59:57 [notice] 1#1: signal 17 (SIGCHLD) received from 30
2024/03/20 14:59:57 [notice] 1#1: signal 17 (SIGCHLD) received from 29
2024/03/20 14:59:57 [notice] 1#1: worker process 29 exited with code 0
2024/03/20 14:59:57 [notice] 1#1: exit
2024/03/20 15:00:00 [notice] 1#1: using the "epoll" event method
2024/03/20 15:00:00 [notice] 1#1: nginx/1.25.2
2024/03/20 15:00:00 [notice] 1#1: built by gcc 12.2.0 (Debian 12.2.0-14) 
2024/03/20 15:00:00 [notice] 1#1: OS: Linux 5.15.49-linuxkit-pr
2024/03/20 15:00:00 [notice] 1#1: getrlimit(RLIMIT_NOFILE): 1048576:1048576
2024/03/20 15:00:00 [notice] 1#1: start worker processes
2024/03/20 15:00:00 [notice] 1#1: start worker process 22
2024/03/20 15:00:00 [notice] 1#1: start worker process 23
2024/03/20 15:00:00 [notice] 1#1: start worker process 24
2024/03/20 15:00:00 [notice] 1#1: start worker process 25
2024/03/20 15:00:02 [notice] 1#1: signal 3 (SIGQUIT) received, shutting down
2024/03/20 15:00:02 [notice] 23#23: gracefully shutting down
2024/03/20 15:00:02 [notice] 25#25: gracefully shutting down
2024/03/20 15:00:02 [notice] 25#25: exiting
2024/03/20 15:00:02 [notice] 24#24: gracefully shutting down
2024/03/20 15:00:02 [notice] 22#22: gracefully shutting down
2024/03/20 15:00:02 [notice] 22#22: exiting
2024/03/20 15:00:02 [notice] 23#23: exiting
2024/03/20 15:00:02 [notice] 25#25: exit
2024/03/20 15:00:02 [notice] 24#24: exiting
2024/03/20 15:00:02 [notice] 22#22: exit
2024/03/20 15:00:02 [notice] 23#23: exit
2024/03/20 15:00:02 [notice] 24#24: exit
2024/03/20 15:00:02 [notice] 1#1: signal 17 (SIGCHLD) received from 24
2024/03/20 15:00:02 [notice] 1#1: worker process 24 exited with code 0
2024/03/20 15:00:02 [notice] 1#1: signal 29 (SIGIO) received
2024/03/20 15:00:02 [notice] 1#1: signal 17 (SIGCHLD) received from 25
2024/03/20 15:00:02 [notice] 1#1: worker process 25 exited with code 0
2024/03/20 15:00:02 [notice] 1#1: signal 29 (SIGIO) received
2024/03/20 15:00:02 [notice] 1#1: signal 17 (SIGCHLD) received from 23
2024/03/20 15:00:02 [notice] 1#1: worker process 23 exited with code 0
2024/03/20 15:00:02 [notice] 1#1: signal 29 (SIGIO) received
2024/03/20 15:00:02 [notice] 1#1: signal 17 (SIGCHLD) received from 22
2024/03/20 15:00:02 [notice] 1#1: worker process 22 exited with code 0
2024/03/20 15:00:02 [notice] 1#1: exit
2024/03/20 15:08:46 [notice] 1#1: using the "epoll" event method
2024/03/20 15:08:46 [notice] 1#1: nginx/1.25.2
2024/03/20 15:08:46 [notice] 1#1: built by gcc 12.2.0 (Debian 12.2.0-14) 
2024/03/20 15:08:46 [notice] 1#1: OS: Linux 5.15.49-linuxkit-pr
2024/03/20 15:08:46 [notice] 1#1: getrlimit(RLIMIT_NOFILE): 1048576:1048576
2024/03/20 15:08:46 [notice] 1#1: start worker processes
2024/03/20 15:08:46 [notice] 1#1: start worker process 28
2024/03/20 15:08:46 [notice] 1#1: start worker process 29
2024/03/20 15:08:46 [notice] 1#1: start worker process 30
2024/03/20 15:08:46 [notice] 1#1: start worker process 31
2024/03/20 15:10:45 [notice] 1#1: signal 3 (SIGQUIT) received, shutting down
2024/03/20 15:10:45 [notice] 28#28: gracefully shutting down
2024/03/20 15:10:45 [notice] 28#28: exiting
2024/03/20 15:10:45 [notice] 31#31: gracefully shutting down
2024/03/20 15:10:45 [notice] 30#30: gracefully shutting down
2024/03/20 15:10:45 [notice] 30#30: exiting
2024/03/20 15:10:45 [notice] 29#29: gracefully shutting down
2024/03/20 15:10:45 [notice] 28#28: exit
2024/03/20 15:10:45 [notice] 31#31: exiting
2024/03/20 15:10:45 [notice] 30#30: exit
2024/03/20 15:10:45 [notice] 29#29: exiting
2024/03/20 15:10:45 [notice] 29#29: exit
2024/03/20 15:10:45 [notice] 31#31: exit
2024/03/20 15:10:45 [notice] 1#1: signal 17 (SIGCHLD) received from 28
2024/03/20 15:10:45 [notice] 1#1: worker process 28 exited with code 0
2024/03/20 15:10:45 [notice] 1#1: signal 29 (SIGIO) received
2024/03/20 15:10:45 [notice] 1#1: signal 17 (SIGCHLD) received from 29
2024/03/20 15:10:45 [notice] 1#1: worker process 29 exited with code 0
2024/03/20 15:10:45 [notice] 1#1: signal 29 (SIGIO) received
2024/03/20 15:10:45 [notice] 1#1: signal 17 (SIGCHLD) received from 30
2024/03/20 15:10:45 [notice] 1#1: worker process 30 exited with code 0
2024/03/20 15:10:45 [notice] 1#1: worker process 31 exited with code 0
2024/03/20 15:10:45 [notice] 1#1: exit
2024/03/20 15:10:54 [notice] 1#1: using the "epoll" event method
2024/03/20 15:10:54 [notice] 1#1: nginx/1.25.2
2024/03/20 15:10:54 [notice] 1#1: built by gcc 12.2.0 (Debian 12.2.0-14) 
2024/03/20 15:10:54 [notice] 1#1: OS: Linux 5.15.49-linuxkit-pr
2024/03/20 15:10:54 [notice] 1#1: getrlimit(RLIMIT_NOFILE): 1048576:1048576
2024/03/20 15:10:54 [notice] 1#1: start worker processes
2024/03/20 15:10:54 [notice] 1#1: start worker process 29
2024/03/20 15:10:54 [notice] 1#1: start worker process 30
2024/03/20 15:10:54 [notice] 1#1: start worker process 31
2024/03/20 15:10:54 [notice] 1#1: start worker process 32
2024/03/20 15:12:24 [notice] 1#1: signal 3 (SIGQUIT) received, shutting down
2024/03/20 15:12:24 [notice] 29#29: gracefully shutting down
2024/03/20 15:12:24 [notice] 30#30: gracefully shutting down
2024/03/20 15:12:24 [notice] 30#30: exiting
2024/03/20 15:12:24 [notice] 31#31: gracefully shutting down
2024/03/20 15:12:24 [notice] 29#29: exiting
2024/03/20 15:12:24 [notice] 32#32: gracefully shutting down
2024/03/20 15:12:24 [notice] 30#30: exit
2024/03/20 15:12:24 [notice] 31#31: exiting
2024/03/20 15:12:24 [notice] 29#29: exit
2024/03/20 15:12:24 [notice] 32#32: exiting
2024/03/20 15:12:24 [notice] 31#31: exit
2024/03/20 15:12:24 [notice] 32#32: exit
2024/03/20 15:12:24 [notice] 1#1: signal 17 (SIGCHLD) received from 29
2024/03/20 15:12:24 [notice] 1#1: worker process 29 exited with code 0
2024/03/20 15:12:24 [notice] 1#1: worker process 30 exited with code 0
2024/03/20 15:12:24 [notice] 1#1: worker process 31 exited with code 0
2024/03/20 15:12:24 [notice] 1#1: worker process 32 exited with code 0
2024/03/20 15:12:24 [notice] 1#1: exit
2024/03/20 15:12:32 [notice] 1#1: using the "epoll" event method
2024/03/20 15:12:32 [notice] 1#1: nginx/1.25.2
2024/03/20 15:12:32 [notice] 1#1: built by gcc 12.2.0 (Debian 12.2.0-14) 
2024/03/20 15:12:32 [notice] 1#1: OS: Linux 5.15.49-linuxkit-pr
2024/03/20 15:12:32 [notice] 1#1: getrlimit(RLIMIT_NOFILE): 1048576:1048576
2024/03/20 15:12:32 [notice] 1#1: start worker processes
2024/03/20 15:12:32 [notice] 1#1: start worker process 29
2024/03/20 15:12:32 [notice] 1#1: start worker process 30
2024/03/20 15:12:32 [notice] 1#1: start worker process 31
2024/03/20 15:12:32 [notice] 1#1: start worker process 32
2024/03/20 15:45:05 [notice] 1#1: signal 3 (SIGQUIT) received, shutting down
2024/03/20 15:45:05 [notice] 29#29: gracefully shutting down
2024/03/20 15:45:05 [notice] 31#31: gracefully shutting down
2024/03/20 15:45:05 [notice] 30#30: gracefully shutting down
2024/03/20 15:45:05 [notice] 32#32: gracefully shutting down
2024/03/20 15:45:05 [notice] 29#29: exiting
2024/03/20 15:45:05 [notice] 31#31: exiting
2024/03/20 15:45:05 [notice] 31#31: exit
2024/03/20 15:45:05 [notice] 30#30: exiting
2024/03/20 15:45:05 [notice] 32#32: exiting
2024/03/20 15:45:05 [notice] 29#29: exit
2024/03/20 15:45:05 [notice] 30#30: exit
2024/03/20 15:45:05 [notice] 32#32: exit
2024/03/20 15:45:05 [notice] 1#1: signal 17 (SIGCHLD) received from 31
2024/03/20 15:45:05 [notice] 1#1: worker process 31 exited with code 0
2024/03/20 15:45:05 [notice] 1#1: signal 29 (SIGIO) received
2024/03/20 15:45:05 [notice] 1#1: signal 17 (SIGCHLD) received from 29
2024/03/20 15:45:05 [notice] 1#1: worker process 29 exited with code 0
2024/03/20 15:45:05 [notice] 1#1: signal 29 (SIGIO) received
2024/03/20 15:45:05 [notice] 1#1: signal 17 (SIGCHLD) received from 30
2024/03/20 15:45:05 [notice] 1#1: worker process 30 exited with code 0
2024/03/20 15:45:05 [notice] 1#1: signal 29 (SIGIO) received
2024/03/20 15:45:05 [notice] 1#1: signal 17 (SIGCHLD) received from 32
2024/03/20 15:45:05 [notice] 1#1: worker process 32 exited with code 0
2024/03/20 15:45:05 [notice] 1#1: exit
2024/03/20 15:45:12 [notice] 1#1: using the "epoll" event method
2024/03/20 15:45:12 [notice] 1#1: nginx/1.25.2
2024/03/20 15:45:12 [notice] 1#1: built by gcc 12.2.0 (Debian 12.2.0-14) 
2024/03/20 15:45:12 [notice] 1#1: OS: Linux 5.15.49-linuxkit-pr
2024/03/20 15:45:12 [notice] 1#1: getrlimit(RLIMIT_NOFILE): 1048576:1048576
2024/03/20 15:45:12 [notice] 1#1: start worker processes
2024/03/20 15:45:12 [notice] 1#1: start worker process 29
2024/03/20 15:45:12 [notice] 1#1: start worker process 30
2024/03/20 15:45:12 [notice] 1#1: start worker process 31
2024/03/20 15:45:12 [notice] 1#1: start worker process 32
2024/03/20 15:46:04 [notice] 1#1: signal 3 (SIGQUIT) received, shutting down
2024/03/20 15:46:04 [notice] 29#29: gracefully shutting down
2024/03/20 15:46:04 [notice] 31#31: gracefully shutting down
2024/03/20 15:46:04 [notice] 32#32: gracefully shutting down
2024/03/20 15:46:04 [notice] 32#32: exiting
2024/03/20 15:46:04 [notice] 30#30: gracefully shutting down
2024/03/20 15:46:04 [notice] 30#30: exiting
2024/03/20 15:46:04 [notice] 29#29: exiting
2024/03/20 15:46:04 [notice] 29#29: exit
2024/03/20 15:46:04 [notice] 31#31: exiting
2024/03/20 15:46:04 [notice] 32#32: exit
2024/03/20 15:46:04 [notice] 30#30: exit
2024/03/20 15:46:04 [notice] 31#31: exit
2024/03/20 15:46:04 [notice] 1#1: signal 17 (SIGCHLD) received from 32
2024/03/20 15:46:04 [notice] 1#1: worker process 29 exited with code 0
2024/03/20 15:46:04 [notice] 1#1: worker process 32 exited with code 0
2024/03/20 15:46:04 [notice] 1#1: signal 29 (SIGIO) received
2024/03/20 15:46:04 [notice] 1#1: signal 17 (SIGCHLD) received from 30
2024/03/20 15:46:04 [notice] 1#1: worker process 30 exited with code 0
2024/03/20 15:46:04 [notice] 1#1: worker process 31 exited with code 0
2024/03/20 15:46:04 [notice] 1#1: exit
2024/03/20 15:46:53 [notice] 1#1: using the "epoll" event method
2024/03/20 15:46:53 [notice] 1#1: nginx/1.25.2
2024/03/20 15:46:53 [notice] 1#1: built by gcc 12.2.0 (Debian 12.2.0-14) 
2024/03/20 15:46:53 [notice] 1#1: OS: Linux 5.15.49-linuxkit-pr
2024/03/20 15:46:53 [notice] 1#1: getrlimit(RLIMIT_NOFILE): 1048576:1048576
2024/03/20 15:46:53 [notice] 1#1: start worker processes
2024/03/20 15:46:53 [notice] 1#1: start worker process 29
2024/03/20 15:46:53 [notice] 1#1: start worker process 30
2024/03/20 15:46:53 [notice] 1#1: start worker process 31
2024/03/20 15:46:53 [notice] 1#1: start worker process 32
2024/03/20 15:47:01 [notice] 1#1: signal 3 (SIGQUIT) received, shutting down
2024/03/20 15:47:01 [notice] 29#29: gracefully shutting down
2024/03/20 15:47:01 [notice] 29#29: exiting
2024/03/20 15:47:01 [notice] 32#32: gracefully shutting down
2024/03/20 15:47:01 [notice] 31#31: gracefully shutting down
2024/03/20 15:47:01 [notice] 31#31: exiting
2024/03/20 15:47:01 [notice] 30#30: gracefully shutting down
2024/03/20 15:47:01 [notice] 29#29: exit
2024/03/20 15:47:01 [notice] 32#32: exiting
2024/03/20 15:47:01 [notice] 31#31: exit
2024/03/20 15:47:01 [notice] 30#30: exiting
2024/03/20 15:47:01 [notice] 32#32: exit
2024/03/20 15:47:01 [notice] 30#30: exit
2024/03/20 15:47:01 [notice] 1#1: signal 17 (SIGCHLD) received from 29
2024/03/20 15:47:01 [notice] 1#1: worker process 29 exited with code 0
2024/03/20 15:47:01 [notice] 1#1: signal 29 (SIGIO) received
2024/03/20 15:47:01 [notice] 1#1: signal 17 (SIGCHLD) received from 31
2024/03/20 15:47:01 [notice] 1#1: worker process 31 exited with code 0
2024/03/20 15:47:01 [notice] 1#1: signal 29 (SIGIO) received
2024/03/20 15:47:01 [notice] 1#1: signal 17 (SIGCHLD) received from 30
2024/03/20 15:47:01 [notice] 1#1: worker process 30 exited with code 0
2024/03/20 15:47:01 [notice] 1#1: worker process 32 exited with code 0
2024/03/20 15:47:01 [notice] 1#1: exit
2024/03/20 15:47:05 [notice] 1#1: using the "epoll" event method
2024/03/20 15:47:05 [notice] 1#1: nginx/1.25.2
2024/03/20 15:47:05 [notice] 1#1: built by gcc 12.2.0 (Debian 12.2.0-14) 
2024/03/20 15:47:05 [notice] 1#1: OS: Linux 5.15.49-linuxkit-pr
2024/03/20 15:47:05 [notice] 1#1: getrlimit(RLIMIT_NOFILE): 1048576:1048576
2024/03/20 15:47:05 [notice] 1#1: start worker processes
2024/03/20 15:47:05 [notice] 1#1: start worker process 29
2024/03/20 15:47:05 [notice] 1#1: start worker process 30
2024/03/20 15:47:05 [notice] 1#1: start worker process 31
2024/03/20 15:47:05 [notice] 1#1: start worker process 32
2024/03/20 15:47:21 [notice] 1#1: signal 3 (SIGQUIT) received, shutting down
2024/03/20 15:47:21 [notice] 29#29: gracefully shutting down
2024/03/20 15:47:21 [notice] 30#30: gracefully shutting down
2024/03/20 15:47:21 [notice] 30#30: exiting
2024/03/20 15:47:21 [notice] 31#31: gracefully shutting down
2024/03/20 15:47:21 [notice] 31#31: exiting
2024/03/20 15:47:21 [notice] 32#32: gracefully shutting down
2024/03/20 15:47:21 [notice] 32#32: exiting
2024/03/20 15:47:21 [notice] 29#29: exiting
2024/03/20 15:47:21 [notice] 29#29: exit
2024/03/20 15:47:21 [notice] 30#30: exit
2024/03/20 15:47:21 [notice] 31#31: exit
2024/03/20 15:47:21 [notice] 32#32: exit
2024/03/20 15:47:21 [notice] 1#1: signal 17 (SIGCHLD) received from 29
2024/03/20 15:47:21 [notice] 1#1: worker process 29 exited with code 0
2024/03/20 15:47:21 [notice] 1#1: signal 29 (SIGIO) received
2024/03/20 15:47:21 [notice] 1#1: signal 17 (SIGCHLD) received from 30
2024/03/20 15:47:21 [notice] 1#1: worker process 30 exited with code 0
2024/03/20 15:47:21 [notice] 1#1: signal 29 (SIGIO) received
2024/03/20 15:47:21 [notice] 1#1: signal 17 (SIGCHLD) received from 32
2024/03/20 15:47:21 [notice] 1#1: worker process 31 exited with code 0
2024/03/20 15:47:21 [notice] 1#1: worker process 32 exited with code 0
2024/03/20 15:47:21 [notice] 1#1: exit
2024/03/20 15:50:26 [notice] 1#1: using the "epoll" event method
2024/03/20 15:50:26 [notice] 1#1: nginx/1.25.2
2024/03/20 15:50:26 [notice] 1#1: built by gcc 12.2.0 (Debian 12.2.0-14) 
2024/03/20 15:50:26 [notice] 1#1: OS: Linux 5.15.49-linuxkit-pr
2024/03/20 15:50:26 [notice] 1#1: getrlimit(RLIMIT_NOFILE): 1048576:1048576
2024/03/20 15:50:26 [notice] 1#1: start worker processes
2024/03/20 15:50:26 [notice] 1#1: start worker process 22
2024/03/20 15:50:26 [notice] 1#1: start worker process 23
2024/03/20 15:50:26 [notice] 1#1: start worker process 24
2024/03/20 15:50:26 [notice] 1#1: start worker process 25
2024/03/20 15:50:27 [notice] 1#1: signal 3 (SIGQUIT) received, shutting down
2024/03/20 15:50:27 [notice] 24#24: gracefully shutting down
2024/03/20 15:50:27 [notice] 23#23: gracefully shutting down
2024/03/20 15:50:27 [notice] 22#22: gracefully shutting down
2024/03/20 15:50:27 [notice] 25#25: gracefully shutting down
2024/03/20 15:50:27 [notice] 25#25: exiting
2024/03/20 15:50:27 [notice] 24#24: exiting
2024/03/20 15:50:27 [notice] 25#25: exit
2024/03/20 15:50:27 [notice] 23#23: exiting
2024/03/20 15:50:27 [notice] 22#22: exiting
2024/03/20 15:50:27 [notice] 22#22: exit
2024/03/20 15:50:27 [notice] 24#24: exit
2024/03/20 15:50:27 [notice] 23#23: exit
2024/03/20 15:50:27 [notice] 1#1: signal 17 (SIGCHLD) received from 22
2024/03/20 15:50:27 [notice] 1#1: worker process 22 exited with code 0
2024/03/20 15:50:27 [notice] 1#1: worker process 24 exited with code 0
2024/03/20 15:50:27 [notice] 1#1: signal 17 (SIGCHLD) received from 24
2024/03/20 15:50:27 [notice] 1#1: worker process 23 exited with code 0
2024/03/20 15:50:27 [notice] 1#1: worker process 25 exited with code 0
2024/03/20 15:50:27 [notice] 1#1: exit
2024/03/20 15:53:04 [notice] 1#1: using the "epoll" event method
2024/03/20 15:53:04 [notice] 1#1: nginx/1.25.2
2024/03/20 15:53:04 [notice] 1#1: built by gcc 12.2.0 (Debian 12.2.0-14) 
2024/03/20 15:53:04 [notice] 1#1: OS: Linux 5.15.49-linuxkit-pr
2024/03/20 15:53:04 [notice] 1#1: getrlimit(RLIMIT_NOFILE): 1048576:1048576
2024/03/20 15:53:04 [notice] 1#1: start worker processes
2024/03/20 15:53:04 [notice] 1#1: start worker process 22
2024/03/20 15:53:04 [notice] 1#1: start worker process 23
2024/03/20 15:53:04 [notice] 1#1: start worker process 24
2024/03/20 15:53:04 [notice] 1#1: start worker process 25
2024/03/20 15:53:06 [notice] 1#1: signal 3 (SIGQUIT) received, shutting down
2024/03/20 15:53:06 [notice] 22#22: gracefully shutting down
2024/03/20 15:53:06 [notice] 22#22: exiting
2024/03/20 15:53:06 [notice] 24#24: gracefully shutting down
2024/03/20 15:53:06 [notice] 24#24: exiting
2024/03/20 15:53:06 [notice] 23#23: gracefully shutting down
2024/03/20 15:53:06 [notice] 25#25: gracefully shutting down
2024/03/20 15:53:06 [notice] 22#22: exit
2024/03/20 15:53:06 [notice] 24#24: exit
2024/03/20 15:53:06 [notice] 23#23: exiting
2024/03/20 15:53:06 [notice] 25#25: exiting
2024/03/20 15:53:06 [notice] 23#23: exit
2024/03/20 15:53:06 [notice] 25#25: exit
2024/03/20 15:53:06 [notice] 1#1: signal 17 (SIGCHLD) received from 25
2024/03/20 15:53:06 [notice] 1#1: worker process 22 exited with code 0
2024/03/20 15:53:06 [notice] 1#1: worker process 25 exited with code 0
2024/03/20 15:53:06 [notice] 1#1: signal 29 (SIGIO) received
2024/03/20 15:53:06 [notice] 1#1: signal 17 (SIGCHLD) received from 24
2024/03/20 15:53:06 [notice] 1#1: worker process 24 exited with code 0
2024/03/20 15:53:06 [notice] 1#1: signal 29 (SIGIO) received
2024/03/20 15:53:06 [notice] 1#1: signal 17 (SIGCHLD) received from 23
2024/03/20 15:53:06 [notice] 1#1: worker process 23 exited with code 0
2024/03/20 15:53:06 [notice] 1#1: exit
2024/03/20 15:54:15 [notice] 1#1: using the "epoll" event method
2024/03/20 15:54:15 [notice] 1#1: nginx/1.25.2
2024/03/20 15:54:15 [notice] 1#1: built by gcc 12.2.0 (Debian 12.2.0-14) 
2024/03/20 15:54:15 [notice] 1#1: OS: Linux 5.15.49-linuxkit-pr
2024/03/20 15:54:15 [notice] 1#1: getrlimit(RLIMIT_NOFILE): 1048576:1048576
2024/03/20 15:54:15 [notice] 1#1: start worker processes
2024/03/20 15:54:15 [notice] 1#1: start worker process 22
2024/03/20 15:54:15 [notice] 1#1: start worker process 23
2024/03/20 15:54:15 [notice] 1#1: start worker process 24
2024/03/20 15:54:15 [notice] 1#1: start worker process 25
2024/03/20 15:54:17 [notice] 1#1: signal 3 (SIGQUIT) received, shutting down
2024/03/20 15:54:17 [notice] 22#22: gracefully shutting down
2024/03/20 15:54:17 [notice] 22#22: exiting
2024/03/20 15:54:17 [notice] 23#23: gracefully shutting down
2024/03/20 15:54:17 [notice] 25#25: gracefully shutting down
2024/03/20 15:54:17 [notice] 25#25: exiting
2024/03/20 15:54:17 [notice] 24#24: gracefully shutting down
2024/03/20 15:54:17 [notice] 24#24: exiting
2024/03/20 15:54:17 [notice] 22#22: exit
2024/03/20 15:54:17 [notice] 23#23: exiting
2024/03/20 15:54:17 [notice] 23#23: exit
2024/03/20 15:54:17 [notice] 25#25: exit
2024/03/20 15:54:17 [notice] 24#24: exit
2024/03/20 15:54:17 [notice] 1#1: signal 17 (SIGCHLD) received from 22
2024/03/20 15:54:17 [notice] 1#1: worker process 22 exited with code 0
2024/03/20 15:54:17 [notice] 1#1: signal 29 (SIGIO) received
2024/03/20 15:54:17 [notice] 1#1: signal 17 (SIGCHLD) received from 23
2024/03/20 15:54:17 [notice] 1#1: worker process 23 exited with code 0
2024/03/20 15:54:17 [notice] 1#1: worker process 24 exited with code 0
2024/03/20 15:54:17 [notice] 1#1: worker process 25 exited with code 0
2024/03/20 15:54:17 [notice] 1#1: exit
2024/03/20 15:57:13 [notice] 1#1: using the "epoll" event method
2024/03/20 15:57:13 [notice] 1#1: nginx/1.25.2
2024/03/20 15:57:13 [notice] 1#1: built by gcc 12.2.0 (Debian 12.2.0-14) 
2024/03/20 15:57:13 [notice] 1#1: OS: Linux 5.15.49-linuxkit-pr
2024/03/20 15:57:13 [notice] 1#1: getrlimit(RLIMIT_NOFILE): 1048576:1048576
2024/03/20 15:57:13 [notice] 1#1: start worker processes
2024/03/20 15:57:13 [notice] 1#1: start worker process 22
2024/03/20 15:57:13 [notice] 1#1: start worker process 23
2024/03/20 15:57:13 [notice] 1#1: start worker process 24
2024/03/20 15:57:13 [notice] 1#1: start worker process 25
2024/03/20 15:57:16 [notice] 1#1: signal 3 (SIGQUIT) received, shutting down
2024/03/20 15:57:16 [notice] 22#22: gracefully shutting down
2024/03/20 15:57:16 [notice] 22#22: exiting
2024/03/20 15:57:16 [notice] 24#24: gracefully shutting down
2024/03/20 15:57:16 [notice] 24#24: exiting
2024/03/20 15:57:16 [notice] 23#23: gracefully shutting down
2024/03/20 15:57:16 [notice] 23#23: exiting
2024/03/20 15:57:16 [notice] 25#25: gracefully shutting down
2024/03/20 15:57:16 [notice] 22#22: exit
2024/03/20 15:57:16 [notice] 24#24: exit
2024/03/20 15:57:16 [notice] 23#23: exit
2024/03/20 15:57:16 [notice] 25#25: exiting
2024/03/20 15:57:16 [notice] 25#25: exit
2024/03/20 15:57:16 [notice] 1#1: signal 17 (SIGCHLD) received from 22
2024/03/20 15:57:16 [notice] 1#1: worker process 22 exited with code 0
2024/03/20 15:57:16 [notice] 1#1: worker process 24 exited with code 0
2024/03/20 15:57:16 [notice] 1#1: signal 29 (SIGIO) received
2024/03/20 15:57:16 [notice] 1#1: signal 17 (SIGCHLD) received from 23
2024/03/20 15:57:16 [notice] 1#1: worker process 23 exited with code 0
2024/03/20 15:57:16 [notice] 1#1: signal 29 (SIGIO) received
2024/03/20 15:57:16 [notice] 1#1: signal 17 (SIGCHLD) received from 25
2024/03/20 15:57:16 [notice] 1#1: worker process 25 exited with code 0
2024/03/20 15:57:16 [notice] 1#1: exit
2024/03/20 16:01:59 [notice] 1#1: using the "epoll" event method
2024/03/20 16:01:59 [notice] 1#1: nginx/1.25.2
2024/03/20 16:01:59 [notice] 1#1: built by gcc 12.2.0 (Debian 12.2.0-14) 
2024/03/20 16:01:59 [notice] 1#1: OS: Linux 5.15.49-linuxkit-pr
2024/03/20 16:01:59 [notice] 1#1: getrlimit(RLIMIT_NOFILE): 1048576:1048576
2024/03/20 16:01:59 [notice] 1#1: start worker processes
2024/03/20 16:01:59 [notice] 1#1: start worker process 22
2024/03/20 16:01:59 [notice] 1#1: start worker process 23
2024/03/20 16:01:59 [notice] 1#1: start worker process 24
2024/03/20 16:01:59 [notice] 1#1: start worker process 25
2024/03/20 16:02:03 [notice] 1#1: signal 3 (SIGQUIT) received, shutting down
2024/03/20 16:02:03 [notice] 24#24: gracefully shutting down
2024/03/20 16:02:03 [notice] 22#22: gracefully shutting down
2024/03/20 16:02:03 [notice] 25#25: gracefully shutting down
2024/03/20 16:02:03 [notice] 23#23: gracefully shutting down
2024/03/20 16:02:03 [notice] 24#24: exiting
2024/03/20 16:02:03 [notice] 24#24: exit
2024/03/20 16:02:03 [notice] 22#22: exiting
2024/03/20 16:02:03 [notice] 22#22: exit
2024/03/20 16:02:03 [notice] 25#25: exiting
2024/03/20 16:02:03 [notice] 23#23: exiting
2024/03/20 16:02:03 [notice] 25#25: exit
2024/03/20 16:02:03 [notice] 23#23: exit
2024/03/20 16:02:03 [notice] 1#1: signal 17 (SIGCHLD) received from 25
2024/03/20 16:02:03 [notice] 1#1: worker process 25 exited with code 0
2024/03/20 16:02:03 [notice] 1#1: signal 29 (SIGIO) received
2024/03/20 16:02:03 [notice] 1#1: signal 17 (SIGCHLD) received from 23
2024/03/20 16:02:03 [notice] 1#1: worker process 22 exited with code 0
2024/03/20 16:02:03 [notice] 1#1: worker process 23 exited with code 0
2024/03/20 16:02:03 [notice] 1#1: worker process 24 exited with code 0
2024/03/20 16:02:03 [notice] 1#1: exit
2024/03/20 16:03:16 [notice] 1#1: using the "epoll" event method
2024/03/20 16:03:16 [notice] 1#1: nginx/1.25.2
2024/03/20 16:03:16 [notice] 1#1: built by gcc 12.2.0 (Debian 12.2.0-14) 
2024/03/20 16:03:16 [notice] 1#1: OS: Linux 5.15.49-linuxkit-pr
2024/03/20 16:03:16 [notice] 1#1: getrlimit(RLIMIT_NOFILE): 1048576:1048576
2024/03/20 16:03:16 [notice] 1#1: start worker processes
2024/03/20 16:03:16 [notice] 1#1: start worker process 21
2024/03/20 16:03:16 [notice] 1#1: start worker process 22
2024/03/20 16:03:16 [notice] 1#1: start worker process 23
2024/03/20 16:03:16 [notice] 1#1: start worker process 24
2024/03/20 16:03:24 [notice] 1#1: signal 3 (SIGQUIT) received, shutting down
2024/03/20 16:03:24 [notice] 21#21: gracefully shutting down
2024/03/20 16:03:24 [notice] 21#21: exiting
2024/03/20 16:03:24 [notice] 22#22: gracefully shutting down
2024/03/20 16:03:24 [notice] 22#22: exiting
2024/03/20 16:03:24 [notice] 23#23: gracefully shutting down
2024/03/20 16:03:24 [notice] 23#23: exiting
2024/03/20 16:03:24 [notice] 24#24: gracefully shutting down
2024/03/20 16:03:24 [notice] 21#21: exit
2024/03/20 16:03:24 [notice] 22#22: exit
2024/03/20 16:03:24 [notice] 23#23: exit
2024/03/20 16:03:24 [notice] 24#24: exiting
2024/03/20 16:03:24 [notice] 24#24: exit
2024/03/20 16:03:24 [notice] 1#1: signal 17 (SIGCHLD) received from 21
2024/03/20 16:03:24 [notice] 1#1: worker process 21 exited with code 0
2024/03/20 16:03:24 [notice] 1#1: signal 29 (SIGIO) received
2024/03/20 16:03:24 [notice] 1#1: signal 17 (SIGCHLD) received from 23
2024/03/20 16:03:24 [notice] 1#1: worker process 22 exited with code 0
2024/03/20 16:03:24 [notice] 1#1: worker process 23 exited with code 0
2024/03/20 16:03:24 [notice] 1#1: worker process 24 exited with code 0
2024/03/20 16:03:24 [notice] 1#1: exit
2024/03/20 16:04:06 [notice] 1#1: using the "epoll" event method
2024/03/20 16:04:06 [notice] 1#1: nginx/1.25.2
2024/03/20 16:04:06 [notice] 1#1: built by gcc 12.2.0 (Debian 12.2.0-14) 
2024/03/20 16:04:06 [notice] 1#1: OS: Linux 5.15.49-linuxkit-pr
2024/03/20 16:04:06 [notice] 1#1: getrlimit(RLIMIT_NOFILE): 1048576:1048576
2024/03/20 16:04:06 [notice] 1#1: start worker processes
2024/03/20 16:04:06 [notice] 1#1: start worker process 22
2024/03/20 16:04:06 [notice] 1#1: start worker process 23
2024/03/20 16:04:06 [notice] 1#1: start worker process 24
2024/03/20 16:04:06 [notice] 1#1: start worker process 25
2024/03/20 16:05:56 [notice] 1#1: signal 3 (SIGQUIT) received, shutting down
2024/03/20 16:05:56 [notice] 23#23: gracefully shutting down
2024/03/20 16:05:56 [notice] 24#24: gracefully shutting down
2024/03/20 16:05:56 [notice] 25#25: gracefully shutting down
2024/03/20 16:05:56 [notice] 25#25: exiting
2024/03/20 16:05:56 [notice] 22#22: gracefully shutting down
2024/03/20 16:05:56 [notice] 24#24: exiting
2024/03/20 16:05:56 [notice] 25#25: exit
2024/03/20 16:05:56 [notice] 23#23: exiting
2024/03/20 16:05:56 [notice] 22#22: exiting
2024/03/20 16:05:56 [notice] 24#24: exit
2024/03/20 16:05:56 [notice] 23#23: exit
2024/03/20 16:05:56 [notice] 22#22: exit
2024/03/20 16:05:56 [notice] 1#1: signal 17 (SIGCHLD) received from 24
2024/03/20 16:05:56 [notice] 1#1: worker process 24 exited with code 0
2024/03/20 16:05:56 [notice] 1#1: worker process 25 exited with code 0
2024/03/20 16:05:56 [notice] 1#1: worker process 22 exited with code 0
2024/03/20 16:05:56 [notice] 1#1: signal 29 (SIGIO) received
2024/03/20 16:05:56 [notice] 1#1: signal 17 (SIGCHLD) received from 25
2024/03/20 16:05:56 [notice] 1#1: signal 17 (SIGCHLD) received from 23
2024/03/20 16:05:56 [notice] 1#1: worker process 23 exited with code 0
2024/03/20 16:05:56 [notice] 1#1: exit
2024/03/20 16:09:10 [notice] 1#1: using the "epoll" event method
2024/03/20 16:09:10 [notice] 1#1: nginx/1.25.2
2024/03/20 16:09:10 [notice] 1#1: built by gcc 12.2.0 (Debian 12.2.0-14) 
2024/03/20 16:09:10 [notice] 1#1: OS: Linux 5.15.49-linuxkit-pr
2024/03/20 16:09:10 [notice] 1#1: getrlimit(RLIMIT_NOFILE): 1048576:1048576
2024/03/20 16:09:10 [notice] 1#1: start worker processes
2024/03/20 16:09:10 [notice] 1#1: start worker process 22
2024/03/20 16:09:10 [notice] 1#1: start worker process 23
2024/03/20 16:09:10 [notice] 1#1: start worker process 24
2024/03/20 16:09:10 [notice] 1#1: start worker process 25
2024/03/20 16:09:12 [notice] 1#1: signal 3 (SIGQUIT) received, shutting down
2024/03/20 16:09:12 [notice] 23#23: gracefully shutting down
2024/03/20 16:09:12 [notice] 23#23: exiting
2024/03/20 16:09:12 [notice] 22#22: gracefully shutting down
2024/03/20 16:09:12 [notice] 22#22: exiting
2024/03/20 16:09:12 [notice] 24#24: gracefully shutting down
2024/03/20 16:09:12 [notice] 24#24: exiting
2024/03/20 16:09:12 [notice] 25#25: gracefully shutting down
2024/03/20 16:09:12 [notice] 25#25: exiting
2024/03/20 16:09:12 [notice] 23#23: exit
2024/03/20 16:09:12 [notice] 22#22: exit
2024/03/20 16:09:12 [notice] 24#24: exit
2024/03/20 16:09:12 [notice] 25#25: exit
2024/03/20 16:09:12 [notice] 1#1: signal 17 (SIGCHLD) received from 23
2024/03/20 16:09:12 [notice] 1#1: worker process 23 exited with code 0
2024/03/20 16:09:12 [notice] 1#1: signal 29 (SIGIO) received
2024/03/20 16:09:12 [notice] 1#1: signal 17 (SIGCHLD) received from 22
2024/03/20 16:09:12 [notice] 1#1: worker process 22 exited with code 0
2024/03/20 16:09:12 [notice] 1#1: signal 29 (SIGIO) received
2024/03/20 16:09:12 [notice] 1#1: signal 17 (SIGCHLD) received from 25
2024/03/20 16:09:12 [notice] 1#1: worker process 24 exited with code 0
2024/03/20 16:09:12 [notice] 1#1: worker process 25 exited with code 0
2024/03/20 16:09:12 [notice] 1#1: exit
2024/03/20 16:09:32 [notice] 1#1: using the "epoll" event method
2024/03/20 16:09:32 [notice] 1#1: nginx/1.25.2
2024/03/20 16:09:32 [notice] 1#1: built by gcc 12.2.0 (Debian 12.2.0-14) 
2024/03/20 16:09:32 [notice] 1#1: OS: Linux 5.15.49-linuxkit-pr
2024/03/20 16:09:32 [notice] 1#1: getrlimit(RLIMIT_NOFILE): 1048576:1048576
2024/03/20 16:09:32 [notice] 1#1: start worker processes
2024/03/20 16:09:32 [notice] 1#1: start worker process 22
2024/03/20 16:09:32 [notice] 1#1: start worker process 23
2024/03/20 16:09:32 [notice] 1#1: start worker process 24
2024/03/20 16:09:32 [notice] 1#1: start worker process 25
2024/03/20 16:09:49 [notice] 1#1: signal 3 (SIGQUIT) received, shutting down
2024/03/20 16:09:49 [notice] 23#23: gracefully shutting down
2024/03/20 16:09:49 [notice] 22#22: gracefully shutting down
2024/03/20 16:09:49 [notice] 24#24: gracefully shutting down
2024/03/20 16:09:49 [notice] 25#25: gracefully shutting down
2024/03/20 16:09:49 [notice] 25#25: exiting
2024/03/20 16:09:49 [notice] 23#23: exiting
2024/03/20 16:09:49 [notice] 22#22: exiting
2024/03/20 16:09:49 [notice] 24#24: exiting
2024/03/20 16:09:49 [notice] 25#25: exit
2024/03/20 16:09:49 [notice] 23#23: exit
2024/03/20 16:09:49 [notice] 22#22: exit
2024/03/20 16:09:49 [notice] 24#24: exit
2024/03/20 16:09:49 [notice] 1#1: signal 17 (SIGCHLD) received from 25
2024/03/20 16:09:49 [notice] 1#1: worker process 25 exited with code 0
2024/03/20 16:09:49 [notice] 1#1: signal 29 (SIGIO) received
2024/03/20 16:09:49 [notice] 1#1: signal 17 (SIGCHLD) received from 24
2024/03/20 16:09:49 [notice] 1#1: worker process 22 exited with code 0
2024/03/20 16:09:49 [notice] 1#1: worker process 24 exited with code 0
2024/03/20 16:09:49 [notice] 1#1: signal 17 (SIGCHLD) received from 22
2024/03/20 16:09:49 [notice] 1#1: worker process 23 exited with code 0
2024/03/20 16:09:49 [notice] 1#1: exit
2024/03/20 16:13:39 [notice] 1#1: using the "epoll" event method
2024/03/20 16:13:39 [notice] 1#1: nginx/1.25.2
2024/03/20 16:13:39 [notice] 1#1: built by gcc 12.2.0 (Debian 12.2.0-14) 
2024/03/20 16:13:39 [notice] 1#1: OS: Linux 5.15.49-linuxkit-pr
2024/03/20 16:13:39 [notice] 1#1: getrlimit(RLIMIT_NOFILE): 1048576:1048576
2024/03/20 16:13:39 [notice] 1#1: start worker processes
2024/03/20 16:13:39 [notice] 1#1: start worker process 22
2024/03/20 16:13:39 [notice] 1#1: start worker process 23
2024/03/20 16:13:39 [notice] 1#1: start worker process 24
2024/03/20 16:13:39 [notice] 1#1: start worker process 25
2024/03/20 16:14:50 [notice] 1#1: signal 3 (SIGQUIT) received, shutting down
2024/03/20 16:14:50 [notice] 22#22: gracefully shutting down
2024/03/20 16:14:50 [notice] 24#24: gracefully shutting down
2024/03/20 16:14:50 [notice] 23#23: gracefully shutting down
2024/03/20 16:14:50 [notice] 25#25: gracefully shutting down
2024/03/20 16:14:50 [notice] 23#23: exiting
2024/03/20 16:14:50 [notice] 22#22: exiting
2024/03/20 16:14:50 [notice] 24#24: exiting
2024/03/20 16:14:50 [notice] 24#24: exit
2024/03/20 16:14:50 [notice] 25#25: exiting
2024/03/20 16:14:50 [notice] 23#23: exit
2024/03/20 16:14:50 [notice] 22#22: exit
2024/03/20 16:14:50 [notice] 25#25: exit
2024/03/20 16:14:50 [notice] 1#1: signal 17 (SIGCHLD) received from 22
2024/03/20 16:14:50 [notice] 1#1: worker process 22 exited with code 0
2024/03/20 16:14:50 [notice] 1#1: signal 29 (SIGIO) received
2024/03/20 16:14:50 [notice] 1#1: signal 17 (SIGCHLD) received from 24
2024/03/20 16:14:50 [notice] 1#1: worker process 23 exited with code 0
2024/03/20 16:14:50 [notice] 1#1: worker process 24 exited with code 0
2024/03/20 16:14:50 [notice] 1#1: worker process 25 exited with code 0
2024/03/20 16:14:50 [notice] 1#1: exit
2024/03/20 16:22:01 [notice] 1#1: using the "epoll" event method
2024/03/20 16:22:01 [notice] 1#1: nginx/1.25.2
2024/03/20 16:22:01 [notice] 1#1: built by gcc 12.2.0 (Debian 12.2.0-14) 
2024/03/20 16:22:01 [notice] 1#1: OS: Linux 5.15.49-linuxkit-pr
2024/03/20 16:22:01 [notice] 1#1: getrlimit(RLIMIT_NOFILE): 1048576:1048576
2024/03/20 16:22:01 [notice] 1#1: start worker processes
2024/03/20 16:22:01 [notice] 1#1: start worker process 22
2024/03/20 16:22:01 [notice] 1#1: start worker process 23
2024/03/20 16:22:01 [notice] 1#1: start worker process 24
2024/03/20 16:22:01 [notice] 1#1: start worker process 25
2024/03/20 16:25:22 [notice] 1#1: signal 3 (SIGQUIT) received, shutting down
2024/03/20 16:25:22 [notice] 23#23: gracefully shutting down
2024/03/20 16:25:22 [notice] 22#22: gracefully shutting down
2024/03/20 16:25:22 [notice] 25#25: gracefully shutting down
2024/03/20 16:25:22 [notice] 24#24: gracefully shutting down
2024/03/20 16:25:22 [notice] 24#24: exiting
2024/03/20 16:25:22 [notice] 23#23: exiting
2024/03/20 16:25:22 [notice] 22#22: exiting
2024/03/20 16:25:22 [notice] 25#25: exiting
2024/03/20 16:25:22 [notice] 24#24: exit
2024/03/20 16:25:22 [notice] 23#23: exit
2024/03/20 16:25:22 [notice] 22#22: exit
2024/03/20 16:25:22 [notice] 25#25: exit
2024/03/20 16:25:22 [notice] 1#1: signal 17 (SIGCHLD) received from 25
2024/03/20 16:25:22 [notice] 1#1: worker process 22 exited with code 0
2024/03/20 16:25:22 [notice] 1#1: worker process 23 exited with code 0
2024/03/20 16:25:22 [notice] 1#1: worker process 24 exited with code 0
2024/03/20 16:25:22 [notice] 1#1: worker process 25 exited with code 0
2024/03/20 16:25:22 [notice] 1#1: exit
2024/03/20 16:26:47 [notice] 1#1: using the "epoll" event method
2024/03/20 16:26:47 [notice] 1#1: nginx/1.25.2
2024/03/20 16:26:47 [notice] 1#1: built by gcc 12.2.0 (Debian 12.2.0-14) 
2024/03/20 16:26:47 [notice] 1#1: OS: Linux 5.15.49-linuxkit-pr
2024/03/20 16:26:47 [notice] 1#1: getrlimit(RLIMIT_NOFILE): 1048576:1048576
2024/03/20 16:26:47 [notice] 1#1: start worker processes
2024/03/20 16:26:47 [notice] 1#1: start worker process 30
2024/03/20 16:26:47 [notice] 1#1: start worker process 31
2024/03/20 16:26:47 [notice] 1#1: start worker process 32
2024/03/20 16:26:47 [notice] 1#1: start worker process 33
2024/03/20 16:29:56 [error] 31#31: *1 open() "/usr/share/nginx/html/api/v1/docs" failed (2: No such file or directory), client: 172.21.0.1, server: localhost, request: "GET /api/v1/docs HTTP/1.1", host: "localhost:3300"
2024/03/20 16:38:29 [notice] 1#1: signal 3 (SIGQUIT) received, shutting down
2024/03/20 16:38:29 [notice] 32#32: gracefully shutting down
2024/03/20 16:38:29 [notice] 30#30: gracefully shutting down
2024/03/20 16:38:29 [notice] 31#31: gracefully shutting down
2024/03/20 16:38:29 [notice] 33#33: gracefully shutting down
2024/03/20 16:38:29 [notice] 32#32: exiting
2024/03/20 16:38:29 [notice] 32#32: exit
2024/03/20 16:38:29 [notice] 30#30: exiting
2024/03/20 16:38:29 [notice] 31#31: exiting
2024/03/20 16:38:29 [notice] 31#31: exit
2024/03/20 16:38:29 [notice] 33#33: exiting
2024/03/20 16:38:29 [notice] 33#33: exit
2024/03/20 16:38:29 [notice] 30#30: exit
2024/03/20 16:38:29 [notice] 1#1: signal 17 (SIGCHLD) received from 30
2024/03/20 16:38:29 [notice] 1#1: worker process 30 exited with code 0
2024/03/20 16:38:29 [notice] 1#1: worker process 32 exited with code 0
2024/03/20 16:38:29 [notice] 1#1: worker process 31 exited with code 0
2024/03/20 16:38:29 [notice] 1#1: worker process 33 exited with code 0
2024/03/20 16:38:29 [notice] 1#1: exit
2024/03/20 16:38:45 [notice] 1#1: using the "epoll" event method
2024/03/20 16:38:45 [notice] 1#1: nginx/1.25.2
2024/03/20 16:38:45 [notice] 1#1: built by gcc 12.2.0 (Debian 12.2.0-14) 
2024/03/20 16:38:45 [notice] 1#1: OS: Linux 5.15.49-linuxkit-pr
2024/03/20 16:38:45 [notice] 1#1: getrlimit(RLIMIT_NOFILE): 1048576:1048576
2024/03/20 16:38:45 [notice] 1#1: start worker processes
2024/03/20 16:38:45 [notice] 1#1: start worker process 28
2024/03/20 16:38:45 [notice] 1#1: start worker process 29
2024/03/20 16:38:45 [notice] 1#1: start worker process 30
2024/03/20 16:38:45 [notice] 1#1: start worker process 31
2024/03/20 16:41:15 [notice] 1#1: signal 3 (SIGQUIT) received, shutting down
2024/03/20 16:41:15 [notice] 31#31: gracefully shutting down
2024/03/20 16:41:15 [notice] 28#28: gracefully shutting down
2024/03/20 16:41:15 [notice] 28#28: exiting
2024/03/20 16:41:15 [notice] 30#30: gracefully shutting down
2024/03/20 16:41:15 [notice] 29#29: gracefully shutting down
2024/03/20 16:41:15 [notice] 31#31: exiting
2024/03/20 16:41:15 [notice] 28#28: exit
2024/03/20 16:41:15 [notice] 30#30: exiting
2024/03/20 16:41:15 [notice] 29#29: exiting
2024/03/20 16:41:15 [notice] 31#31: exit
2024/03/20 16:41:15 [notice] 30#30: exit
2024/03/20 16:41:15 [notice] 29#29: exit
2024/03/20 16:41:15 [notice] 1#1: signal 17 (SIGCHLD) received from 30
2024/03/20 16:41:15 [notice] 1#1: worker process 30 exited with code 0
2024/03/20 16:41:15 [notice] 1#1: signal 29 (SIGIO) received
2024/03/20 16:41:15 [notice] 1#1: signal 17 (SIGCHLD) received from 28
2024/03/20 16:41:15 [notice] 1#1: worker process 28 exited with code 0
2024/03/20 16:41:15 [notice] 1#1: signal 17 (SIGCHLD) received from 29
2024/03/20 16:41:15 [notice] 1#1: worker process 29 exited with code 0
2024/03/20 16:41:15 [notice] 1#1: worker process 31 exited with code 0
2024/03/20 16:41:15 [notice] 1#1: signal 17 (SIGCHLD) received from 31
2024/03/20 16:41:15 [notice] 1#1: signal 29 (SIGIO) received
2024/03/20 16:41:15 [notice] 1#1: exit
2024/03/20 16:41:37 [notice] 1#1: using the "epoll" event method
2024/03/20 16:41:37 [notice] 1#1: nginx/1.25.2
2024/03/20 16:41:37 [notice] 1#1: built by gcc 12.2.0 (Debian 12.2.0-14) 
2024/03/20 16:41:37 [notice] 1#1: OS: Linux 5.15.49-linuxkit-pr
2024/03/20 16:41:37 [notice] 1#1: getrlimit(RLIMIT_NOFILE): 1048576:1048576
2024/03/20 16:41:37 [notice] 1#1: start worker processes
2024/03/20 16:41:37 [notice] 1#1: start worker process 29
2024/03/20 16:41:37 [notice] 1#1: start worker process 30
2024/03/20 16:41:37 [notice] 1#1: start worker process 31
2024/03/20 16:41:37 [notice] 1#1: start worker process 32
2024/03/20 16:51:53 [error] 29#29: *1 open() "/usr/share/nginx/html/api/v1/docs" failed (2: No such file or directory), client: 172.24.0.1, server: localhost, request: "GET /api/v1/docs HTTP/1.1", host: "localhost:3300"
